[1016/233038.106:ERROR:directory_reader_win.cc(43)] FindFirstFile: The system cannot find the path specified. (0x3)
[1017/171319.183:ERROR:directory_reader_win.cc(43)] FindFirstFile: The system cannot find the path specified. (0x3)
[1018/191041.370:ERROR:directory_reader_win.cc(43)] FindFirstFile: The system cannot find the path specified. (0x3)
[1020/064103.215:ERROR:process_reader_win.cc(151)] SuspendThread: Access is denied. (0x5)
[1020/064103.348:ERROR:process_reader_win.cc(151)] SuspendThread: Access is denied. (0x5)
[1020/064103.348:ERROR:process_reader_win.cc(151)] SuspendThread: Access is denied. (0x5)
[1020/064103.348:ERROR:process_reader_win.cc(151)] SuspendThread: Access is denied. (0x5)
[1020/064103.349:ERROR:process_reader_win.cc(151)] SuspendThread: Access is denied. (0x5)
[1020/064103.349:ERROR:process_reader_win.cc(123)] NtOpenThread: {Access Denied} A process has requested access to an object, but has not been granted those access rights. (0xc0000022)
[1020/064103.468:ERROR:exception_snapshot_win.cc(99)] thread ID 16792 not found in process
[1020/064103.877:ERROR:process_reader_win.cc(151)] SuspendThread: Access is denied. (0x5)
[1020/064103.877:ERROR:process_reader_win.cc(151)] SuspendThread: Access is denied. (0x5)
[1020/064103.877:ERROR:process_reader_win.cc(151)] SuspendThread: Access is denied. (0x5)
[1020/064103.878:ERROR:process_reader_win.cc(151)] SuspendThread: Access is denied. (0x5)
[1020/064103.878:ERROR:process_reader_win.cc(151)] SuspendThread: Access is denied. (0x5)
[1020/064103.878:ERROR:process_reader_win.cc(123)] NtOpenThread: {Access Denied} A process has requested access to an object, but has not been granted those access rights. (0xc0000022)
[1020/064103.878:ERROR:exception_snapshot_win.cc(99)] thread ID 16576 not found in process
[1020/064105.825:ERROR:process_reader_win.cc(123)] NtOpenThread: {Access Denied} A process has requested access to an object, but has not been granted those access rights. (0xc0000022)
[1020/064105.825:ERROR:exception_snapshot_win.cc(99)] thread ID 16500 not found in process
[1020/064105.913:ERROR:process_reader_win.cc(123)] NtOpenThread: {Access Denied} A process has requested access to an object, but has not been granted those access rights. (0xc0000022)
[1020/064105.914:ERROR:exception_snapshot_win.cc(99)] thread ID 9768 not found in process
[1020/064106.064:ERROR:process_reader_win.cc(123)] NtOpenThread: {Access Denied} A process has requested access to an object, but has not been granted those access rights. (0xc0000022)
[1020/064106.064:ERROR:exception_snapshot_win.cc(99)] thread ID 980 not found in process
[1020/064106.106:ERROR:process_reader_win.cc(123)] NtOpenThread: {Access Denied} A process has requested access to an object, but has not been granted those access rights. (0xc0000022)
[1020/064106.107:ERROR:exception_snapshot_win.cc(99)] thread ID 3964 not found in process
[1020/064106.531:ERROR:process_info.cc(329)] VirtualQueryEx: Access is denied. (0x5)
[1020/064106.531:ERROR:process_info.cc(556)] ReadMemoryInfo failed
[1020/064106.550:ERROR:process_reader_win.cc(123)] NtOpenThread: {Access Denied} A process has requested access to an object, but has not been granted those access rights. (0xc0000022)
[1020/064106.550:ERROR:exception_snapshot_win.cc(99)] thread ID 14144 not found in process
[1020/064106.553:ERROR:process_reader_win.cc(123)] NtOpenThread: {Access Denied} A process has requested access to an object, but has not been granted those access rights. (0xc0000022)
[1020/064106.553:ERROR:exception_snapshot_win.cc(99)] thread ID 5708 not found in process
[1020/064106.558:ERROR:process_reader_win.cc(123)] NtOpenThread: {Access Denied} A process has requested access to an object, but has not been granted those access rights. (0xc0000022)
[1020/064106.558:ERROR:exception_snapshot_win.cc(99)] thread ID 9864 not found in process
[1020/064106.594:ERROR:process_reader_win.cc(123)] NtOpenThread: {Access Denied} A process has requested access to an object, but has not been granted those access rights. (0xc0000022)
[1020/064106.594:ERROR:exception_snapshot_win.cc(99)] thread ID 920 not found in process
[1020/064106.558:ERROR:scoped_process_suspend.cc(40)] NtResumeProcess: An attempt was made to access an exiting process. (0xc000010a)
[1020/064106.550:ERROR:scoped_process_suspend.cc(40)] NtResumeProcess: An attempt was made to access an exiting process. (0xc000010a)
[1020/064106.553:ERROR:scoped_process_suspend.cc(40)] NtResumeProcess: An attempt was made to access an exiting process. (0xc000010a)
[1020/064106.532:ERROR:scoped_process_suspend.cc(40)] NtResumeProcess: An attempt was made to access an exiting process. (0xc000010a)
[1020/064106.747:ERROR:process_reader_win.cc(123)] NtOpenThread: {Access Denied} A process has requested access to an object, but has not been granted those access rights. (0xc0000022)
[1020/064106.802:ERROR:process_reader_win.cc(123)] NtOpenThread: {Access Denied} A process has requested access to an object, but has not been granted those access rights. (0xc0000022)
[1020/064106.817:ERROR:scoped_process_suspend.cc(40)] NtResumeProcess: An attempt was made to access an exiting process. (0xc000010a)
[1020/064106.817:ERROR:exception_snapshot_win.cc(99)] thread ID 10044 not found in process
[1020/064106.817:ERROR:exception_snapshot_win.cc(99)] thread ID 13304 not found in process
[1020/064106.817:ERROR:scoped_process_suspend.cc(40)] NtResumeProcess: An attempt was made to access an exiting process. (0xc000010a)
[1020/064106.817:ERROR:scoped_process_suspend.cc(40)] NtResumeProcess: An attempt was made to access an exiting process. (0xc000010a)
[1022/160153.614:ERROR:directory_reader_win.cc(43)] FindFirstFile: The system cannot find the path specified. (0x3)
